2021-08-27 05:20:30,867 INFO Set uid to user 0 succeeded
2021-08-27 05:20:30,874 INFO supervisord started with pid 1
2021-08-27 05:20:31,881 INFO spawned: 'cron' with pid 7
2021-08-27 05:20:31,895 INFO spawned: 'php-fpm' with pid 8
2021-08-27 05:20:32,964 INFO success: cron entered RUNNING state, process has stayed up for > than 1 seconds (startsecs)
2021-08-27 05:20:32,965 INFO success: php-fpm entered RUNNING state, process has stayed up for > than 1 seconds (startsecs)
2021-08-27 05:20:36,252 INFO Set uid to user 0 succeeded
2021-08-27 05:20:36,260 INFO supervisord started with pid 1
2021-08-27 05:20:37,263 INFO spawned: 'app' with pid 10
2021-08-27 05:20:38,266 INFO success: app entered RUNNING state, process has stayed up for > than 1 seconds (startsecs)
2021-08-27 05:21:00,146 INFO reaped unknown pid 1241
2021-08-27 05:21:00,147 INFO reaped unknown pid 1244
2021-08-27 05:21:00,147 INFO reaped unknown pid 1265
2021-08-27 05:21:00,148 INFO reaped unknown pid 1240
2021-08-27 05:21:00,148 INFO reaped unknown pid 1243
2021-08-27 05:21:00,149 INFO reaped unknown pid 1260
2021-08-27 05:21:00,211 INFO exited: app (exit status 0; expected)
2021-08-27 05:21:01,215 INFO spawned: 'app' with pid 1304
2021-08-27 05:21:02,216 INFO success: app entered RUNNING state, process has stayed up for > than 1 seconds (startsecs)
2021-08-27 05:21:12,266 INFO reaped unknown pid 1432
2021-08-27 05:21:12,268 INFO reaped unknown pid 1434
2021-08-27 05:21:12,269 INFO reaped unknown pid 1431
2021-08-27 05:21:12,269 INFO reaped unknown pid 1435
2021-08-27 05:21:12,270 INFO reaped unknown pid 1451
2021-08-27 05:21:12,271 INFO reaped unknown pid 1454
2021-08-27 05:21:12,317 INFO exited: app (exit status 0; expected)
2021-08-27 05:21:13,321 INFO spawned: 'app' with pid 1493
2021-08-27 05:21:14,324 INFO success: app entered RUNNING state, process has stayed up for > than 1 seconds (startsecs)
2021-08-27 05:21:24,936 INFO reaped unknown pid 1634
2021-08-27 05:21:24,938 INFO reaped unknown pid 1636
2021-08-27 05:21:24,938 INFO reaped unknown pid 1633
2021-08-27 05:21:24,939 INFO reaped unknown pid 1637
2021-08-27 05:21:24,939 INFO reaped unknown pid 1652
2021-08-27 05:21:24,940 INFO reaped unknown pid 1656
2021-08-27 05:21:24,972 INFO exited: app (exit status 0; expected)
2021-08-27 05:21:25,975 INFO spawned: 'app' with pid 1702
2021-08-27 05:21:26,978 INFO success: app entered RUNNING state, process has stayed up for > than 1 seconds (startsecs)
2021-08-27 05:21:38,656 INFO reaped unknown pid 1848
2021-08-27 05:21:38,657 INFO reaped unknown pid 1850
2021-08-27 05:21:38,658 INFO reaped unknown pid 1847
2021-08-27 05:21:38,658 INFO reaped unknown pid 1851
2021-08-27 05:21:38,658 INFO reaped unknown pid 1870
2021-08-27 05:21:38,659 INFO reaped unknown pid 1867
2021-08-27 05:21:38,693 INFO exited: app (exit status 0; expected)
2021-08-27 05:21:39,696 INFO spawned: 'app' with pid 1909
2021-08-27 05:21:40,697 INFO success: app entered RUNNING state, process has stayed up for > than 1 seconds (startsecs)
2021-08-27 05:21:50,896 INFO reaped unknown pid 2045
2021-08-27 05:21:50,897 INFO reaped unknown pid 2044
2021-08-27 05:21:50,898 INFO reaped unknown pid 2047
2021-08-27 05:21:50,899 INFO reaped unknown pid 2048
2021-08-27 05:21:50,900 INFO reaped unknown pid 2063
2021-08-27 05:21:50,900 INFO reaped unknown pid 2066
2021-08-27 05:21:50,932 INFO exited: app (exit status 0; expected)
2021-08-27 05:21:51,935 INFO spawned: 'app' with pid 2108
2021-08-27 05:21:52,937 INFO success: app entered RUNNING state, process has stayed up for > than 1 seconds (startsecs)
2021-08-27 05:22:02,880 INFO reaped unknown pid 2250
2021-08-27 05:22:02,887 INFO reaped unknown pid 2252
2021-08-27 05:22:02,888 INFO reaped unknown pid 2253
2021-08-27 05:22:02,889 INFO reaped unknown pid 2269
2021-08-27 05:22:02,898 INFO reaped unknown pid 2249
2021-08-27 05:22:02,900 INFO reaped unknown pid 2272
2021-08-27 05:22:02,924 INFO exited: app (exit status 0; expected)
2021-08-27 05:22:03,926 INFO spawned: 'app' with pid 2311
2021-08-27 05:22:04,929 INFO success: app entered RUNNING state, process has stayed up for > than 1 seconds (startsecs)
2021-08-27 05:22:16,296 INFO reaped unknown pid 2445
2021-08-27 05:22:16,298 INFO reaped unknown pid 2448
2021-08-27 05:22:16,299 INFO reaped unknown pid 2444
2021-08-27 05:22:16,300 INFO reaped unknown pid 2447
2021-08-27 05:22:16,301 INFO reaped unknown pid 2466
2021-08-27 05:22:16,302 INFO reaped unknown pid 2464
2021-08-27 05:22:16,341 INFO exited: app (exit status 0; expected)
2021-08-27 05:22:17,344 INFO spawned: 'app' with pid 2507
2021-08-27 05:22:18,346 INFO success: app entered RUNNING state, process has stayed up for > than 1 seconds (startsecs)
2021-08-27 05:22:28,641 INFO reaped unknown pid 2655
2021-08-27 05:22:28,707 INFO reaped unknown pid 2657
2021-08-27 05:22:28,708 INFO reaped unknown pid 2654
2021-08-27 05:22:28,708 INFO reaped unknown pid 2658
2021-08-27 05:22:28,709 INFO reaped unknown pid 2673
2021-08-27 05:22:28,709 INFO reaped unknown pid 2677
2021-08-27 05:22:28,741 INFO exited: app (exit status 0; expected)
2021-08-27 05:22:29,744 INFO spawned: 'app' with pid 2731
2021-08-27 05:22:30,745 INFO success: app entered RUNNING state, process has stayed up for > than 1 seconds (startsecs)
2021-08-27 05:22:42,286 INFO reaped unknown pid 2868
2021-08-27 05:22:42,288 INFO reaped unknown pid 2867
2021-08-27 05:22:42,288 INFO reaped unknown pid 2870
2021-08-27 05:22:42,289 INFO reaped unknown pid 2871
2021-08-27 05:22:42,290 INFO reaped unknown pid 2889
2021-08-27 05:22:42,291 INFO reaped unknown pid 2886
2021-08-27 05:22:42,331 INFO exited: app (exit status 0; expected)
2021-08-27 05:22:43,334 INFO spawned: 'app' with pid 2939
2021-08-27 05:22:44,336 INFO success: app entered RUNNING state, process has stayed up for > than 1 seconds (startsecs)
2021-08-27 05:22:55,713 INFO reaped unknown pid 3080
2021-08-27 05:22:55,768 INFO reaped unknown pid 3083
2021-08-27 05:22:55,768 INFO reaped unknown pid 3079
2021-08-27 05:22:55,769 INFO reaped unknown pid 3082
2021-08-27 05:22:55,769 INFO reaped unknown pid 3102
2021-08-27 05:22:55,770 INFO reaped unknown pid 3099
2021-08-27 05:22:55,803 INFO exited: app (exit status 0; expected)
2021-08-27 05:22:56,805 INFO spawned: 'app' with pid 3142
2021-08-27 05:22:57,807 INFO success: app entered RUNNING state, process has stayed up for > than 1 seconds (startsecs)
2021-08-27 05:23:08,372 INFO reaped unknown pid 3284
2021-08-27 05:23:08,407 INFO reaped unknown pid 3286
2021-08-27 05:23:08,408 INFO reaped unknown pid 3283
2021-08-27 05:23:08,409 INFO reaped unknown pid 3287
2021-08-27 05:23:08,409 INFO reaped unknown pid 3303
2021-08-27 05:23:08,410 INFO reaped unknown pid 3305
2021-08-27 05:23:08,450 INFO exited: app (exit status 0; expected)
2021-08-27 05:23:09,452 INFO spawned: 'app' with pid 3346
2021-08-27 05:23:10,454 INFO success: app entered RUNNING state, process has stayed up for > than 1 seconds (startsecs)
2021-08-27 05:23:20,974 INFO reaped unknown pid 3491
2021-08-27 05:23:21,038 INFO reaped unknown pid 3493
2021-08-27 05:23:21,038 INFO reaped unknown pid 3490
2021-08-27 05:23:21,039 INFO reaped unknown pid 3494
2021-08-27 05:23:21,039 INFO reaped unknown pid 3509
2021-08-27 05:23:21,039 INFO reaped unknown pid 3514
2021-08-27 05:23:21,073 INFO exited: app (exit status 0; expected)
2021-08-27 05:23:22,075 INFO spawned: 'app' with pid 3556
2021-08-27 05:23:23,076 INFO success: app entered RUNNING state, process has stayed up for > than 1 seconds (startsecs)
2021-08-27 05:23:34,526 INFO reaped unknown pid 3706
2021-08-27 05:23:34,527 INFO reaped unknown pid 3708
2021-08-27 05:23:34,528 INFO reaped unknown pid 3705
2021-08-27 05:23:34,528 INFO reaped unknown pid 3709
2021-08-27 05:23:34,529 INFO reaped unknown pid 3724
2021-08-27 05:23:34,529 INFO reaped unknown pid 3727
2021-08-27 05:23:34,566 INFO exited: app (exit status 0; expected)
2021-08-27 05:23:35,568 INFO spawned: 'app' with pid 3771
2021-08-27 05:23:36,570 INFO success: app entered RUNNING state, process has stayed up for > than 1 seconds (startsecs)
2021-08-27 05:23:46,706 INFO reaped unknown pid 3912
2021-08-27 05:23:46,707 INFO reaped unknown pid 3914
2021-08-27 05:23:46,708 INFO reaped unknown pid 3911
2021-08-27 05:23:46,708 INFO reaped unknown pid 3915
2021-08-27 05:23:46,709 INFO reaped unknown pid 3933
2021-08-27 05:23:46,709 INFO reaped unknown pid 3930
2021-08-27 05:23:46,745 INFO exited: app (exit status 0; expected)
2021-08-27 05:23:47,748 INFO spawned: 'app' with pid 3971
2021-08-27 05:23:48,750 INFO success: app entered RUNNING state, process has stayed up for > than 1 seconds (startsecs)
2021-08-27 05:23:58,565 INFO reaped unknown pid 4112
2021-08-27 05:23:58,567 INFO reaped unknown pid 4114
2021-08-27 05:23:58,567 INFO reaped unknown pid 4111
2021-08-27 05:23:58,568 INFO reaped unknown pid 4115
2021-08-27 05:23:58,568 INFO reaped unknown pid 4131
2021-08-27 05:23:58,568 INFO reaped unknown pid 4133
2021-08-27 05:23:58,602 INFO exited: app (exit status 0; expected)
2021-08-27 05:23:59,604 INFO spawned: 'app' with pid 4172
2021-08-27 05:24:00,606 INFO success: app entered RUNNING state, process has stayed up for > than 1 seconds (startsecs)
2021-08-27 05:24:10,716 INFO reaped unknown pid 4314
2021-08-27 05:24:10,718 INFO reaped unknown pid 4313
2021-08-27 05:24:10,719 INFO reaped unknown pid 4316
2021-08-27 05:24:10,719 INFO reaped unknown pid 4317
2021-08-27 05:24:10,719 INFO reaped unknown pid 4333
2021-08-27 05:24:10,720 INFO reaped unknown pid 4335
2021-08-27 05:24:10,755 INFO exited: app (exit status 0; expected)
2021-08-27 05:24:11,757 INFO spawned: 'app' with pid 4379
2021-08-27 05:24:12,760 INFO success: app entered RUNNING state, process has stayed up for > than 1 seconds (startsecs)
2021-08-27 05:24:22,556 INFO reaped unknown pid 4522
2021-08-27 05:24:22,557 INFO reaped unknown pid 4525
2021-08-27 05:24:22,558 INFO reaped unknown pid 4521
2021-08-27 05:24:22,558 INFO reaped unknown pid 4524
2021-08-27 05:24:22,559 INFO reaped unknown pid 4543
2021-08-27 05:24:22,559 INFO reaped unknown pid 4540
2021-08-27 05:24:22,595 INFO exited: app (exit status 0; expected)
2021-08-27 05:24:23,598 INFO spawned: 'app' with pid 4586
2021-08-27 05:24:24,599 INFO success: app entered RUNNING state, process has stayed up for > than 1 seconds (startsecs)
2021-08-27 05:24:34,786 INFO reaped unknown pid 4728
2021-08-27 05:24:34,787 INFO reaped unknown pid 4727
2021-08-27 05:24:34,788 INFO reaped unknown pid 4730
2021-08-27 05:24:34,788 INFO reaped unknown pid 4731
2021-08-27 05:24:34,788 INFO reaped unknown pid 4752
2021-08-27 05:24:34,789 INFO reaped unknown pid 4749
2021-08-27 05:24:34,823 INFO exited: app (exit status 0; expected)
2021-08-27 05:24:35,825 INFO spawned: 'app' with pid 4791
2021-08-27 05:24:36,829 INFO success: app entered RUNNING state, process has stayed up for > than 1 seconds (startsecs)
2021-08-27 05:24:47,146 INFO reaped unknown pid 4937
2021-08-27 05:24:47,149 INFO reaped unknown pid 4940
2021-08-27 05:24:47,150 INFO reaped unknown pid 4936
2021-08-27 05:24:47,150 INFO reaped unknown pid 4939
2021-08-27 05:24:47,151 INFO reaped unknown pid 4955
2021-08-27 05:24:47,152 INFO reaped unknown pid 4959
2021-08-27 05:24:47,197 INFO exited: app (exit status 0; expected)
2021-08-27 05:24:48,200 INFO spawned: 'app' with pid 4997
2021-08-27 05:24:49,202 INFO success: app entered RUNNING state, process has stayed up for > than 1 seconds (startsecs)
2021-08-27 05:24:59,985 INFO reaped unknown pid 5138
2021-08-27 05:25:00,048 INFO reaped unknown pid 5137
2021-08-27 05:25:00,048 INFO reaped unknown pid 5140
2021-08-27 05:25:00,049 INFO reaped unknown pid 5141
2021-08-27 05:25:00,050 INFO reaped unknown pid 5160
2021-08-27 05:25:00,051 INFO reaped unknown pid 5156
2021-08-27 05:25:00,086 INFO exited: app (exit status 0; expected)
2021-08-27 05:25:01,089 INFO spawned: 'app' with pid 5200
2021-08-27 05:25:02,091 INFO success: app entered RUNNING state, process has stayed up for > than 1 seconds (startsecs)
2021-08-27 05:25:12,886 INFO reaped unknown pid 5342
2021-08-27 05:25:12,888 INFO reaped unknown pid 5344
2021-08-27 05:25:12,888 INFO reaped unknown pid 5341
2021-08-27 05:25:12,889 INFO reaped unknown pid 5345
2021-08-27 05:25:12,890 INFO reaped unknown pid 5364
2021-08-27 05:25:12,891 INFO reaped unknown pid 5362
2021-08-27 05:25:12,930 INFO exited: app (exit status 0; expected)
2021-08-27 05:25:13,934 INFO spawned: 'app' with pid 5406
2021-08-27 05:25:14,935 INFO success: app entered RUNNING state, process has stayed up for > than 1 seconds (startsecs)
2021-08-27 05:25:26,201 INFO reaped unknown pid 5550
2021-08-27 05:25:26,247 INFO reaped unknown pid 5552
2021-08-27 05:25:26,248 INFO reaped unknown pid 5549
2021-08-27 05:25:26,248 INFO reaped unknown pid 5553
2021-08-27 05:25:26,249 INFO reaped unknown pid 5572
2021-08-27 05:25:26,250 INFO reaped unknown pid 5568
2021-08-27 05:25:26,286 INFO exited: app (exit status 0; expected)
2021-08-27 05:25:27,289 INFO spawned: 'app' with pid 5616
2021-08-27 05:25:28,291 INFO success: app entered RUNNING state, process has stayed up for > than 1 seconds (startsecs)
2021-08-27 05:25:38,276 INFO reaped unknown pid 5763
2021-08-27 05:25:38,277 INFO reaped unknown pid 5765
2021-08-27 05:25:38,277 INFO reaped unknown pid 5762
2021-08-27 05:25:38,278 INFO reaped unknown pid 5766
2021-08-27 05:25:38,278 INFO reaped unknown pid 5785
2021-08-27 05:25:38,279 INFO reaped unknown pid 5782
2021-08-27 05:25:38,315 INFO exited: app (exit status 0; expected)
2021-08-27 05:25:39,318 INFO spawned: 'app' with pid 5829
2021-08-27 05:25:40,319 INFO success: app entered RUNNING state, process has stayed up for > than 1 seconds (startsecs)
2021-08-27 05:25:50,476 INFO reaped unknown pid 5969
2021-08-27 05:25:50,477 INFO reaped unknown pid 5972
2021-08-27 05:25:50,477 INFO reaped unknown pid 5968
2021-08-27 05:25:50,478 INFO reaped unknown pid 5971
2021-08-27 05:25:50,478 INFO reaped unknown pid 5990
2021-08-27 05:25:50,478 INFO reaped unknown pid 5987
2021-08-27 05:25:50,514 INFO exited: app (exit status 0; expected)
2021-08-27 05:25:51,517 INFO spawned: 'app' with pid 6039
2021-08-27 05:25:52,519 INFO success: app entered RUNNING state, process has stayed up for > than 1 seconds (startsecs)
2021-08-27 05:26:02,516 INFO reaped unknown pid 6181
2021-08-27 05:26:02,518 INFO reaped unknown pid 6180
2021-08-27 05:26:02,519 INFO reaped unknown pid 6183
2021-08-27 05:26:02,519 INFO reaped unknown pid 6184
2021-08-27 05:26:02,519 INFO reaped unknown pid 6201
2021-08-27 05:26:02,520 INFO reaped unknown pid 6203
2021-08-27 05:26:02,554 INFO exited: app (exit status 0; expected)
2021-08-27 05:26:03,557 INFO spawned: 'app' with pid 6243
2021-08-27 05:26:04,559 INFO success: app entered RUNNING state, process has stayed up for > than 1 seconds (startsecs)
2021-08-27 05:26:16,417 INFO reaped unknown pid 6381
2021-08-27 05:26:16,457 INFO reaped unknown pid 6384
2021-08-27 05:26:16,458 INFO reaped unknown pid 6403
2021-08-27 05:26:16,458 INFO reaped unknown pid 6383
2021-08-27 05:26:16,459 INFO reaped unknown pid 6380
2021-08-27 05:26:16,460 INFO reaped unknown pid 6399
2021-08-27 05:26:16,497 INFO exited: app (exit status 0; expected)
2021-08-27 05:26:17,500 INFO spawned: 'app' with pid 6443
2021-08-27 05:26:18,503 INFO success: app entered RUNNING state, process has stayed up for > than 1 seconds (startsecs)
2021-08-27 05:26:31,845 INFO reaped unknown pid 6584
2021-08-27 05:26:31,847 INFO reaped unknown pid 6587
2021-08-27 05:26:31,848 INFO reaped unknown pid 6583
2021-08-27 05:26:31,848 INFO reaped unknown pid 6586
2021-08-27 05:26:31,849 INFO reaped unknown pid 6606
2021-08-27 05:26:31,850 INFO reaped unknown pid 6602
2021-08-27 05:26:31,884 INFO exited: app (exit status 0; expected)
2021-08-27 05:26:32,886 INFO spawned: 'app' with pid 6647
2021-08-27 05:26:33,888 INFO success: app entered RUNNING state, process has stayed up for > than 1 seconds (startsecs)
2021-08-27 05:26:43,936 INFO reaped unknown pid 6791
2021-08-27 05:26:43,937 INFO reaped unknown pid 6793
2021-08-27 05:26:43,937 INFO reaped unknown pid 6810
2021-08-27 05:26:43,938 INFO reaped unknown pid 6794
2021-08-27 05:26:43,938 INFO reaped unknown pid 6790
2021-08-27 05:26:43,939 INFO reaped unknown pid 6812
2021-08-27 05:26:43,973 INFO exited: app (exit status 0; expected)
2021-08-27 05:26:44,975 INFO spawned: 'app' with pid 6865
2021-08-27 05:26:45,978 INFO success: app entered RUNNING state, process has stayed up for > than 1 seconds (startsecs)
2021-08-27 05:26:56,546 INFO reaped unknown pid 7000
2021-08-27 05:26:56,547 INFO reaped unknown pid 7002
2021-08-27 05:26:56,548 INFO reaped unknown pid 6999
2021-08-27 05:26:56,549 INFO reaped unknown pid 7003
2021-08-27 05:26:56,549 INFO reaped unknown pid 7018
2021-08-27 05:26:56,550 INFO reaped unknown pid 7021
2021-08-27 05:26:56,588 INFO exited: app (exit status 0; expected)
2021-08-27 05:26:57,591 INFO spawned: 'app' with pid 7071
2021-08-27 05:26:58,592 INFO success: app entered RUNNING state, process has stayed up for > than 1 seconds (startsecs)
2021-08-27 05:27:08,946 INFO reaped unknown pid 7221
2021-08-27 05:27:08,947 INFO reaped unknown pid 7223
2021-08-27 05:27:08,948 INFO reaped unknown pid 7220
2021-08-27 05:27:08,948 INFO reaped unknown pid 7224
2021-08-27 05:27:08,948 INFO reaped unknown pid 7243
2021-08-27 05:27:08,949 INFO reaped unknown pid 7239
2021-08-27 05:27:08,986 INFO exited: app (exit status 0; expected)
2021-08-27 05:27:09,988 INFO spawned: 'app' with pid 7284
2021-08-27 05:27:10,990 INFO success: app entered RUNNING state, process has stayed up for > than 1 seconds (startsecs)
2021-08-27 05:27:22,036 INFO reaped unknown pid 7428
2021-08-27 05:27:22,037 INFO reaped unknown pid 7427
2021-08-27 05:27:22,038 INFO reaped unknown pid 7430
2021-08-27 05:27:22,038 INFO reaped unknown pid 7431
2021-08-27 05:27:22,039 INFO reaped unknown pid 7446
2021-08-27 05:27:22,039 INFO reaped unknown pid 7449
2021-08-27 05:27:22,074 INFO exited: app (exit status 0; expected)
2021-08-27 05:27:23,077 INFO spawned: 'app' with pid 7496
2021-08-27 05:27:24,079 INFO success: app entered RUNNING state, process has stayed up for > than 1 seconds (startsecs)
2021-08-27 05:27:34,196 INFO reaped unknown pid 7641
2021-08-27 05:27:34,198 INFO reaped unknown pid 7643
2021-08-27 05:27:34,198 INFO reaped unknown pid 7640
2021-08-27 05:27:34,199 INFO reaped unknown pid 7644
2021-08-27 05:27:34,200 INFO reaped unknown pid 7660
2021-08-27 05:27:34,200 INFO reaped unknown pid 7662
2021-08-27 05:27:34,239 INFO exited: app (exit status 0; expected)
2021-08-27 05:27:35,242 INFO spawned: 'app' with pid 7703
2021-08-27 05:27:36,244 INFO success: app entered RUNNING state, process has stayed up for > than 1 seconds (startsecs)
2021-08-27 05:27:47,066 INFO reaped unknown pid 7834
2021-08-27 05:27:47,067 INFO reaped unknown pid 7833
2021-08-27 05:27:47,068 INFO reaped unknown pid 7836
2021-08-27 05:27:47,068 INFO reaped unknown pid 7837
2021-08-27 05:27:47,069 INFO reaped unknown pid 7851
2021-08-27 05:27:47,069 INFO reaped unknown pid 7856
2021-08-27 05:27:47,108 INFO exited: app (exit status 0; expected)
2021-08-27 05:27:48,111 INFO spawned: 'app' with pid 7899
2021-08-27 05:27:49,114 INFO success: app entered RUNNING state, process has stayed up for > than 1 seconds (startsecs)
2021-08-27 05:28:00,161 INFO reaped unknown pid 8039
2021-08-27 05:28:00,207 INFO reaped unknown pid 8038
2021-08-27 05:28:00,208 INFO reaped unknown pid 8041
2021-08-27 05:28:00,208 INFO reaped unknown pid 8042
2021-08-27 05:28:00,209 INFO reaped unknown pid 8060
2021-08-27 05:28:00,209 INFO reaped unknown pid 8057
2021-08-27 05:28:00,245 INFO exited: app (exit status 0; expected)
2021-08-27 05:28:01,247 INFO spawned: 'app' with pid 8101
2021-08-27 05:28:02,250 INFO success: app entered RUNNING state, process has stayed up for > than 1 seconds (startsecs)
2021-08-27 05:28:14,156 INFO reaped unknown pid 8239
2021-08-27 05:28:14,158 INFO reaped unknown pid 8241
2021-08-27 05:28:14,159 INFO reaped unknown pid 8238
2021-08-27 05:28:14,159 INFO reaped unknown pid 8242
2021-08-27 05:28:14,160 INFO reaped unknown pid 8258
2021-08-27 05:28:14,162 INFO reaped unknown pid 8261
2021-08-27 05:28:14,199 INFO exited: app (exit status 0; expected)
2021-08-27 05:28:15,202 INFO spawned: 'app' with pid 8301
2021-08-27 05:28:16,204 INFO success: app entered RUNNING state, process has stayed up for > than 1 seconds (startsecs)
2021-08-27 05:28:26,246 INFO reaped unknown pid 8445
2021-08-27 05:28:26,247 INFO reaped unknown pid 8447
2021-08-27 05:28:26,248 INFO reaped unknown pid 8444
2021-08-27 05:28:26,248 INFO reaped unknown pid 8448
2021-08-27 05:28:26,248 INFO reaped unknown pid 8467
2021-08-27 05:28:26,249 INFO reaped unknown pid 8464
2021-08-27 05:28:26,282 INFO exited: app (exit status 0; expected)
2021-08-27 05:28:27,285 INFO spawned: 'app' with pid 8520
2021-08-27 05:28:28,286 INFO success: app entered RUNNING state, process has stayed up for > than 1 seconds (startsecs)
2021-08-27 05:28:38,886 INFO reaped unknown pid 8667
2021-08-27 05:28:38,887 INFO reaped unknown pid 8670
2021-08-27 05:28:38,888 INFO reaped unknown pid 8666
2021-08-27 05:28:38,889 INFO reaped unknown pid 8669
2021-08-27 05:28:38,889 INFO reaped unknown pid 8688
2021-08-27 05:28:38,890 INFO reaped unknown pid 8686
2021-08-27 05:28:38,924 INFO exited: app (exit status 0; expected)
2021-08-27 05:28:39,926 INFO spawned: 'app' with pid 8728
2021-08-27 05:28:40,928 INFO success: app entered RUNNING state, process has stayed up for > than 1 seconds (startsecs)
2021-08-27 05:28:50,814 INFO reaped unknown pid 8879
2021-08-27 05:28:50,857 INFO reaped unknown pid 8882
2021-08-27 05:28:50,857 INFO reaped unknown pid 8878
2021-08-27 05:28:50,858 INFO reaped unknown pid 8881
2021-08-27 05:28:50,858 INFO reaped unknown pid 8902
2021-08-27 05:28:50,859 INFO reaped unknown pid 8897
2021-08-27 05:28:50,891 INFO exited: app (exit status 0; expected)
2021-08-27 05:28:51,894 INFO spawned: 'app' with pid 8946
2021-08-27 05:28:52,895 INFO success: app entered RUNNING state, process has stayed up for > than 1 seconds (startsecs)
2021-08-27 05:29:02,905 INFO reaped unknown pid 9089
2021-08-27 05:29:02,907 INFO reaped unknown pid 9092
2021-08-27 05:29:02,907 INFO reaped unknown pid 9088
2021-08-27 05:29:02,908 INFO reaped unknown pid 9091
2021-08-27 05:29:02,908 INFO reaped unknown pid 9110
2021-08-27 05:29:02,908 INFO reaped unknown pid 9108
2021-08-27 05:29:02,942 INFO exited: app (exit status 0; expected)
2021-08-27 05:29:03,944 INFO spawned: 'app' with pid 9151
2021-08-27 05:29:04,946 INFO success: app entered RUNNING state, process has stayed up for > than 1 seconds (startsecs)
2021-08-27 05:29:14,730 INFO reaped unknown pid 9297
2021-08-27 05:29:14,767 INFO reaped unknown pid 9299
2021-08-27 05:29:14,767 INFO reaped unknown pid 9296
2021-08-27 05:29:14,768 INFO reaped unknown pid 9300
2021-08-27 05:29:14,768 INFO reaped unknown pid 9319
2021-08-27 05:29:14,768 INFO reaped unknown pid 9316
2021-08-27 05:29:14,801 INFO exited: app (exit status 0; expected)
2021-08-27 05:29:15,804 INFO spawned: 'app' with pid 9359
2021-08-27 05:29:16,805 INFO success: app entered RUNNING state, process has stayed up for > than 1 seconds (startsecs)
2021-08-27 05:29:26,226 INFO reaped unknown pid 9502
2021-08-27 05:29:26,228 INFO reaped unknown pid 9505
2021-08-27 05:29:26,228 INFO reaped unknown pid 9501
2021-08-27 05:29:26,229 INFO reaped unknown pid 9504
2021-08-27 05:29:26,229 INFO reaped unknown pid 9523
2021-08-27 05:29:26,230 INFO reaped unknown pid 9521
2021-08-27 05:29:26,264 INFO exited: app (exit status 0; expected)
2021-08-27 05:29:27,267 INFO spawned: 'app' with pid 9567
2021-08-27 05:29:28,269 INFO success: app entered RUNNING state, process has stayed up for > than 1 seconds (startsecs)
2021-08-27 05:29:38,306 INFO reaped unknown pid 9709
2021-08-27 05:29:38,308 INFO reaped unknown pid 9712
2021-08-27 05:29:38,308 INFO reaped unknown pid 9708
2021-08-27 05:29:38,309 INFO reaped unknown pid 9711
2021-08-27 05:29:38,309 INFO reaped unknown pid 9731
2021-08-27 05:29:38,310 INFO reaped unknown pid 9728
2021-08-27 05:29:38,346 INFO exited: app (exit status 0; expected)
2021-08-27 05:29:39,349 INFO spawned: 'app' with pid 9778
2021-08-27 05:29:40,350 INFO success: app entered RUNNING state, process has stayed up for > than 1 seconds (startsecs)
2021-08-27 05:29:50,516 INFO reaped unknown pid 9920
2021-08-27 05:29:50,517 INFO reaped unknown pid 9922
2021-08-27 05:29:50,518 INFO reaped unknown pid 9919
2021-08-27 05:29:50,518 INFO reaped unknown pid 9923
2021-08-27 05:29:50,518 INFO reaped unknown pid 9939
2021-08-27 05:29:50,519 INFO reaped unknown pid 9941
2021-08-27 05:29:50,553 INFO exited: app (exit status 0; expected)
2021-08-27 05:29:51,556 INFO spawned: 'app' with pid 9987
2021-08-27 05:29:52,558 INFO success: app entered RUNNING state, process has stayed up for > than 1 seconds (startsecs)
2021-08-27 05:30:02,904 INFO reaped unknown pid 10127
2021-08-27 05:30:02,947 INFO reaped unknown pid 10126
2021-08-27 05:30:02,948 INFO reaped unknown pid 10129
2021-08-27 05:30:02,948 INFO reaped unknown pid 10130
2021-08-27 05:30:02,949 INFO reaped unknown pid 10150
2021-08-27 05:30:02,949 INFO reaped unknown pid 10147
2021-08-27 05:30:02,987 INFO exited: app (exit status 0; expected)
2021-08-27 05:30:03,990 INFO spawned: 'app' with pid 10190
2021-08-27 05:30:04,992 INFO success: app entered RUNNING state, process has stayed up for > than 1 seconds (startsecs)
2021-08-27 05:30:15,536 INFO reaped unknown pid 10326
2021-08-27 05:30:15,538 INFO reaped unknown pid 10325
2021-08-27 05:30:15,539 INFO reaped unknown pid 10328
2021-08-27 05:30:15,540 INFO reaped unknown pid 10329
2021-08-27 05:30:15,542 INFO reaped unknown pid 10344
2021-08-27 05:30:15,543 INFO reaped unknown pid 10348
2021-08-27 05:30:15,580 INFO exited: app (exit status 0; expected)
2021-08-27 05:30:16,583 INFO spawned: 'app' with pid 10395
2021-08-27 05:30:17,585 INFO success: app entered RUNNING state, process has stayed up for > than 1 seconds (startsecs)
2021-08-27 05:30:28,185 INFO reaped unknown pid 10540
2021-08-27 05:30:28,187 INFO reaped unknown pid 10539
2021-08-27 05:30:28,188 INFO reaped unknown pid 10542
2021-08-27 05:30:28,188 INFO reaped unknown pid 10543
2021-08-27 05:30:28,188 INFO reaped unknown pid 10558
2021-08-27 05:30:28,189 INFO reaped unknown pid 10561
2021-08-27 05:30:28,224 INFO exited: app (exit status 0; expected)
2021-08-27 05:30:29,227 INFO spawned: 'app' with pid 10602
2021-08-27 05:30:30,230 INFO success: app entered RUNNING state, process has stayed up for > than 1 seconds (startsecs)
2021-08-27 05:30:40,775 INFO reaped unknown pid 10732
2021-08-27 05:30:40,777 INFO reaped unknown pid 10734
2021-08-27 05:30:40,778 INFO reaped unknown pid 10731
2021-08-27 05:30:40,778 INFO reaped unknown pid 10735
2021-08-27 05:30:40,779 INFO reaped unknown pid 10754
2021-08-27 05:30:40,779 INFO reaped unknown pid 10752
2021-08-27 05:30:40,815 INFO exited: app (exit status 0; expected)
2021-08-27 05:30:41,817 INFO spawned: 'app' with pid 10803
2021-08-27 05:30:42,819 INFO success: app entered RUNNING state, process has stayed up for > than 1 seconds (startsecs)
2021-08-27 05:30:52,710 INFO reaped unknown pid 10950
2021-08-27 05:30:52,757 INFO reaped unknown pid 10952
2021-08-27 05:30:52,758 INFO reaped unknown pid 10949
2021-08-27 05:30:52,758 INFO reaped unknown pid 10953
2021-08-27 05:30:52,759 INFO reaped unknown pid 10969
2021-08-27 05:30:52,759 INFO reaped unknown pid 10972
2021-08-27 05:30:52,792 INFO exited: app (exit status 0; expected)
2021-08-27 05:30:53,795 INFO spawned: 'app' with pid 11012
2021-08-27 05:30:54,796 INFO success: app entered RUNNING state, process has stayed up for > than 1 seconds (startsecs)
2021-08-27 05:31:04,110 INFO reaped unknown pid 11147
2021-08-27 05:31:04,167 INFO reaped unknown pid 11149
2021-08-27 05:31:04,167 INFO reaped unknown pid 11146
2021-08-27 05:31:04,168 INFO reaped unknown pid 11150
2021-08-27 05:31:04,168 INFO reaped unknown pid 11169
2021-08-27 05:31:04,168 INFO reaped unknown pid 11165
2021-08-27 05:31:04,204 INFO exited: app (exit status 0; expected)
2021-08-27 05:31:05,207 INFO spawned: 'app' with pid 11211
2021-08-27 05:31:06,209 INFO success: app entered RUNNING state, process has stayed up for > than 1 seconds (startsecs)
2021-08-27 05:31:16,236 INFO reaped unknown pid 11356
2021-08-27 05:31:16,237 INFO reaped unknown pid 11358
2021-08-27 05:31:16,238 INFO reaped unknown pid 11355
2021-08-27 05:31:16,238 INFO reaped unknown pid 11359
2021-08-27 05:31:16,239 INFO reaped unknown pid 11379
2021-08-27 05:31:16,239 INFO reaped unknown pid 11374
2021-08-27 05:31:16,273 INFO exited: app (exit status 0; expected)
2021-08-27 05:31:17,276 INFO spawned: 'app' with pid 11421
2021-08-27 05:31:18,279 INFO success: app entered RUNNING state, process has stayed up for > than 1 seconds (startsecs)
2021-08-27 05:31:28,152 INFO reaped unknown pid 11567
2021-08-27 05:31:28,197 INFO reaped unknown pid 11569
2021-08-27 05:31:28,197 INFO reaped unknown pid 11566
2021-08-27 05:31:28,198 INFO reaped unknown pid 11570
2021-08-27 05:31:28,198 INFO reaped unknown pid 11586
2021-08-27 05:31:28,198 INFO reaped unknown pid 11589
2021-08-27 05:31:28,231 INFO exited: app (exit status 0; expected)
2021-08-27 05:31:29,234 INFO spawned: 'app' with pid 11628
2021-08-27 05:31:30,235 INFO success: app entered RUNNING state, process has stayed up for > than 1 seconds (startsecs)
2021-08-27 05:31:40,296 INFO reaped unknown pid 11769
2021-08-27 05:31:40,297 INFO reaped unknown pid 11771
2021-08-27 05:31:40,297 INFO reaped unknown pid 11768
2021-08-27 05:31:40,298 INFO reaped unknown pid 11772
2021-08-27 05:31:40,298 INFO reaped unknown pid 11787
2021-08-27 05:31:40,298 INFO reaped unknown pid 11790
2021-08-27 05:31:40,334 INFO exited: app (exit status 0; expected)
2021-08-27 05:31:41,337 INFO spawned: 'app' with pid 11830
2021-08-27 05:31:42,339 INFO success: app entered RUNNING state, process has stayed up for > than 1 seconds (startsecs)
2021-08-27 05:31:46,309 WARN received SIGTERM indicating exit request
2021-08-27 05:31:46,315 INFO waiting for app to die
2021-08-27 05:31:46,318 INFO stopped: app (terminated by SIGTERM)
2021-08-27 05:31:46,750 WARN received SIGQUIT indicating exit request
2021-08-27 05:31:46,756 INFO waiting for cron, php-fpm to die
2021-08-27 05:31:46,787 INFO stopped: php-fpm (exit status 0)
2021-08-27 05:31:46,791 INFO stopped: cron (terminated by SIGTERM)
2021-08-27 05:33:11,059 INFO Set uid to user 0 succeeded
2021-08-27 05:33:11,065 INFO supervisord started with pid 1
2021-08-27 05:33:12,069 INFO spawned: 'cron' with pid 8
2021-08-27 05:33:12,070 INFO spawned: 'php-fpm' with pid 9
2021-08-27 05:33:13,116 INFO success: cron entered RUNNING state, process has stayed up for > than 1 seconds (startsecs)
2021-08-27 05:33:13,116 INFO success: php-fpm entered RUNNING state, process has stayed up for > than 1 seconds (startsecs)
2021-08-27 05:33:14,950 INFO Set uid to user 0 succeeded
2021-08-27 05:33:14,954 INFO supervisord started with pid 1
2021-08-27 05:33:15,957 INFO spawned: 'app' with pid 10
2021-08-27 05:33:16,960 INFO success: app entered RUNNING state, process has stayed up for > than 1 seconds (startsecs)
2021-08-27 05:33:35,866 INFO reaped unknown pid 1240
2021-08-27 05:33:35,907 INFO reaped unknown pid 1242
2021-08-27 05:33:35,907 INFO reaped unknown pid 1258
2021-08-27 05:33:35,908 INFO reaped unknown pid 1239
2021-08-27 05:33:35,909 INFO reaped unknown pid 1243
2021-08-27 05:33:35,909 INFO reaped unknown pid 1261
2021-08-27 05:33:35,975 INFO exited: app (exit status 0; expected)
2021-08-27 05:33:36,978 INFO spawned: 'app' with pid 1312
2021-08-27 05:33:37,979 INFO success: app entered RUNNING state, process has stayed up for > than 1 seconds (startsecs)
2021-08-27 05:33:41,459 WARN received SIGTERM indicating exit request
2021-08-27 05:33:41,460 INFO waiting for app to die
2021-08-27 05:33:41,463 INFO stopped: app (terminated by SIGTERM)
2021-08-27 05:33:42,038 WARN received SIGQUIT indicating exit request
2021-08-27 05:33:42,039 INFO waiting for cron, php-fpm to die
2021-08-27 05:33:42,044 INFO stopped: php-fpm (exit status 0)
2021-08-27 05:33:42,045 INFO stopped: cron (terminated by SIGTERM)
2021-08-27 05:34:07,014 INFO Set uid to user 0 succeeded
2021-08-27 05:34:07,020 INFO supervisord started with pid 1
2021-08-27 05:34:08,023 INFO spawned: 'cron' with pid 8
2021-08-27 05:34:08,024 INFO spawned: 'php-fpm' with pid 9
2021-08-27 05:34:09,074 INFO success: cron entered RUNNING state, process has stayed up for > than 1 seconds (startsecs)
2021-08-27 05:34:09,075 INFO success: php-fpm entered RUNNING state, process has stayed up for > than 1 seconds (startsecs)
2021-08-27 05:34:10,316 INFO Set uid to user 0 succeeded
2021-08-27 05:34:10,322 INFO supervisord started with pid 1
2021-08-27 05:34:11,324 INFO spawned: 'app' with pid 10
2021-08-27 05:34:12,326 INFO success: app entered RUNNING state, process has stayed up for > than 1 seconds (startsecs)
2021-08-27 05:34:22,938 INFO reaped unknown pid 150
2021-08-27 05:34:22,977 INFO reaped unknown pid 152
2021-08-27 05:34:22,978 INFO reaped unknown pid 153
2021-08-27 05:34:22,978 INFO reaped unknown pid 149
2021-08-27 05:34:22,979 INFO reaped unknown pid 169
2021-08-27 05:34:22,979 INFO reaped unknown pid 172
2021-08-27 05:34:23,014 INFO exited: app (exit status 0; expected)
2021-08-27 05:34:24,017 INFO spawned: 'app' with pid 222
2021-08-27 05:34:25,019 INFO success: app entered RUNNING state, process has stayed up for > than 1 seconds (startsecs)
2021-08-27 05:34:35,596 INFO reaped unknown pid 358
2021-08-27 05:34:35,617 INFO reaped unknown pid 357
2021-08-27 05:34:35,618 INFO reaped unknown pid 360
2021-08-27 05:34:35,618 INFO reaped unknown pid 361
2021-08-27 05:34:35,619 INFO reaped unknown pid 380
2021-08-27 05:34:35,619 INFO reaped unknown pid 376
2021-08-27 05:34:35,651 INFO exited: app (exit status 0; expected)
2021-08-27 05:34:36,654 INFO spawned: 'app' with pid 420
2021-08-27 05:34:37,655 INFO success: app entered RUNNING state, process has stayed up for > than 1 seconds (startsecs)
2021-08-27 05:34:48,238 INFO reaped unknown pid 563
2021-08-27 05:34:48,240 INFO reaped unknown pid 565
2021-08-27 05:34:48,240 INFO reaped unknown pid 566
2021-08-27 05:34:48,242 INFO reaped unknown pid 582
2021-08-27 05:34:48,252 INFO reaped unknown pid 562
2021-08-27 05:34:48,254 INFO reaped unknown pid 584
2021-08-27 05:34:48,278 INFO exited: app (exit status 0; expected)
2021-08-27 05:34:49,281 INFO spawned: 'app' with pid 631
2021-08-27 05:34:50,283 INFO success: app entered RUNNING state, process has stayed up for > than 1 seconds (startsecs)
2021-08-27 05:35:00,246 INFO reaped unknown pid 767
2021-08-27 05:35:00,248 INFO reaped unknown pid 769
2021-08-27 05:35:00,249 INFO reaped unknown pid 766
2021-08-27 05:35:00,249 INFO reaped unknown pid 770
2021-08-27 05:35:00,250 INFO reaped unknown pid 789
2021-08-27 05:35:00,251 INFO reaped unknown pid 786
2021-08-27 05:35:00,298 INFO exited: app (exit status 0; expected)
2021-08-27 05:35:01,301 INFO spawned: 'app' with pid 829
2021-08-27 05:35:02,303 INFO success: app entered RUNNING state, process has stayed up for > than 1 seconds (startsecs)
2021-08-27 05:35:18,566 INFO reaped unknown pid 962
2021-08-27 05:35:18,569 INFO reaped unknown pid 961
2021-08-27 05:35:18,569 INFO reaped unknown pid 964
2021-08-27 05:35:18,570 INFO reaped unknown pid 965
2021-08-27 05:35:18,572 INFO reaped unknown pid 984
2021-08-27 05:35:18,573 INFO reaped unknown pid 980
2021-08-27 05:35:18,625 INFO exited: app (exit status 0; expected)
2021-08-27 05:35:19,629 INFO spawned: 'app' with pid 1040
2021-08-27 05:35:20,632 INFO success: app entered RUNNING state, process has stayed up for > than 1 seconds (startsecs)
2021-08-27 05:35:32,926 INFO reaped unknown pid 1177
2021-08-27 05:35:32,927 INFO reaped unknown pid 1179
2021-08-27 05:35:32,928 INFO reaped unknown pid 1176
2021-08-27 05:35:32,928 INFO reaped unknown pid 1180
2021-08-27 05:35:32,929 INFO reaped unknown pid 1197
2021-08-27 05:35:32,929 INFO reaped unknown pid 1199
2021-08-27 05:35:32,966 INFO exited: app (exit status 0; expected)
2021-08-27 05:35:33,968 INFO spawned: 'app' with pid 1240
2021-08-27 05:35:34,971 INFO success: app entered RUNNING state, process has stayed up for > than 1 seconds (startsecs)
2021-08-27 05:35:45,382 INFO reaped unknown pid 1377
2021-08-27 05:35:45,447 INFO reaped unknown pid 1379
2021-08-27 05:35:45,448 INFO reaped unknown pid 1376
2021-08-27 05:35:45,448 INFO reaped unknown pid 1380
2021-08-27 05:35:45,448 INFO reaped unknown pid 1399
2021-08-27 05:35:45,449 INFO reaped unknown pid 1395
2021-08-27 05:35:45,484 INFO exited: app (exit status 0; expected)
2021-08-27 05:35:46,486 INFO spawned: 'app' with pid 1442
2021-08-27 05:35:47,489 INFO success: app entered RUNNING state, process has stayed up for > than 1 seconds (startsecs)
2021-08-27 05:35:57,096 INFO reaped unknown pid 1584
2021-08-27 05:35:57,098 INFO reaped unknown pid 1586
2021-08-27 05:35:57,099 INFO reaped unknown pid 1583
2021-08-27 05:35:57,100 INFO reaped unknown pid 1587
2021-08-27 05:35:57,101 INFO reaped unknown pid 1603
2021-08-27 05:35:57,102 INFO reaped unknown pid 1606
2021-08-27 05:35:57,139 INFO exited: app (exit status 0; expected)
2021-08-27 05:35:58,142 INFO spawned: 'app' with pid 1649
2021-08-27 05:35:59,145 INFO success: app entered RUNNING state, process has stayed up for > than 1 seconds (startsecs)
2021-08-27 05:36:12,124 INFO reaped unknown pid 1783
2021-08-27 05:36:12,178 INFO reaped unknown pid 1782
2021-08-27 05:36:12,179 INFO reaped unknown pid 1785
2021-08-27 05:36:12,180 INFO reaped unknown pid 1786
2021-08-27 05:36:12,180 INFO reaped unknown pid 1802
2021-08-27 05:36:12,181 INFO reaped unknown pid 1805
2021-08-27 05:36:12,245 INFO exited: app (exit status 0; expected)
2021-08-27 05:36:13,248 INFO spawned: 'app' with pid 1847
2021-08-27 05:36:14,250 INFO success: app entered RUNNING state, process has stayed up for > than 1 seconds (startsecs)
2021-08-27 05:36:28,326 INFO reaped unknown pid 1980
2021-08-27 05:36:28,328 INFO reaped unknown pid 1979
2021-08-27 05:36:28,329 INFO reaped unknown pid 1982
2021-08-27 05:36:28,330 INFO reaped unknown pid 1983
2021-08-27 05:36:28,331 INFO reaped unknown pid 2001
2021-08-27 05:36:28,332 INFO reaped unknown pid 1998
2021-08-27 05:36:28,377 INFO exited: app (exit status 0; expected)
2021-08-27 05:36:29,379 INFO spawned: 'app' with pid 2044
2021-08-27 05:36:30,381 INFO success: app entered RUNNING state, process has stayed up for > than 1 seconds (startsecs)
2021-08-27 05:36:42,266 INFO reaped unknown pid 2190
2021-08-27 05:36:42,267 INFO reaped unknown pid 2189
2021-08-27 05:36:42,268 INFO reaped unknown pid 2192
2021-08-27 05:36:42,269 INFO reaped unknown pid 2193
2021-08-27 05:36:42,269 INFO reaped unknown pid 2211
2021-08-27 05:36:42,270 INFO reaped unknown pid 2212
2021-08-27 05:36:42,306 INFO exited: app (exit status 0; expected)
2021-08-27 05:36:43,309 INFO spawned: 'app' with pid 2256
2021-08-27 05:36:44,311 INFO success: app entered RUNNING state, process has stayed up for > than 1 seconds (startsecs)
2021-08-27 05:36:54,321 INFO reaped unknown pid 2404
2021-08-27 05:36:54,377 INFO reaped unknown pid 2406
2021-08-27 05:36:54,377 INFO reaped unknown pid 2403
2021-08-27 05:36:54,378 INFO reaped unknown pid 2407
2021-08-27 05:36:54,378 INFO reaped unknown pid 2426
2021-08-27 05:36:54,379 INFO reaped unknown pid 2424
2021-08-27 05:36:54,413 INFO exited: app (exit status 0; expected)
2021-08-27 05:36:55,416 INFO spawned: 'app' with pid 2468
2021-08-27 05:36:56,418 INFO success: app entered RUNNING state, process has stayed up for > than 1 seconds (startsecs)
2021-08-27 05:37:06,743 INFO reaped unknown pid 2610
2021-08-27 05:37:06,787 INFO reaped unknown pid 2612
2021-08-27 05:37:06,788 INFO reaped unknown pid 2609
2021-08-27 05:37:06,788 INFO reaped unknown pid 2613
2021-08-27 05:37:06,788 INFO reaped unknown pid 2632
2021-08-27 05:37:06,789 INFO reaped unknown pid 2629
2021-08-27 05:37:06,825 INFO exited: app (exit status 0; expected)
2021-08-27 05:37:07,828 INFO spawned: 'app' with pid 2683
2021-08-27 05:37:08,831 INFO success: app entered RUNNING state, process has stayed up for > than 1 seconds (startsecs)
2021-08-27 05:37:18,706 INFO reaped unknown pid 2819
2021-08-27 05:37:18,707 INFO reaped unknown pid 2822
2021-08-27 05:37:18,708 INFO reaped unknown pid 2818
2021-08-27 05:37:18,708 INFO reaped unknown pid 2821
2021-08-27 05:37:18,709 INFO reaped unknown pid 2841
2021-08-27 05:37:18,709 INFO reaped unknown pid 2838
2021-08-27 05:37:18,745 INFO exited: app (exit status 0; expected)
2021-08-27 05:37:19,748 INFO spawned: 'app' with pid 2882
2021-08-27 05:37:20,750 INFO success: app entered RUNNING state, process has stayed up for > than 1 seconds (startsecs)
2021-08-27 05:37:32,786 INFO reaped unknown pid 3030
2021-08-27 05:37:32,788 INFO reaped unknown pid 3032
2021-08-27 05:37:32,788 INFO reaped unknown pid 3029
2021-08-27 05:37:32,789 INFO reaped unknown pid 3033
2021-08-27 05:37:32,789 INFO reaped unknown pid 3048
2021-08-27 05:37:32,790 INFO reaped unknown pid 3051
2021-08-27 05:37:32,829 INFO exited: app (exit status 0; expected)
2021-08-27 05:37:33,832 INFO spawned: 'app' with pid 3092
2021-08-27 05:37:34,834 INFO success: app entered RUNNING state, process has stayed up for > than 1 seconds (startsecs)
2021-08-27 05:37:45,326 INFO reaped unknown pid 3241
2021-08-27 05:37:45,327 INFO reaped unknown pid 3243
2021-08-27 05:37:45,328 INFO reaped unknown pid 3240
2021-08-27 05:37:45,328 INFO reaped unknown pid 3244
2021-08-27 05:37:45,328 INFO reaped unknown pid 3263
2021-08-27 05:37:45,329 INFO reaped unknown pid 3260
2021-08-27 05:37:45,363 INFO exited: app (exit status 0; expected)
2021-08-27 05:37:46,369 INFO spawned: 'app' with pid 3303
2021-08-27 05:37:47,372 INFO success: app entered RUNNING state, process has stayed up for > than 1 seconds (startsecs)
2021-08-27 06:36:57,245 INFO Set uid to user 0 succeeded
2021-08-27 06:36:57,250 INFO supervisord started with pid 1
2021-08-27 06:36:58,254 INFO spawned: 'cron' with pid 7
2021-08-27 06:36:58,255 INFO spawned: 'php-fpm' with pid 8
2021-08-27 06:36:59,420 INFO success: cron entered RUNNING state, process has stayed up for > than 1 seconds (startsecs)
2021-08-27 06:36:59,420 INFO success: php-fpm entered RUNNING state, process has stayed up for > than 1 seconds (startsecs)
2021-08-27 06:37:10,254 INFO Set uid to user 0 succeeded
2021-08-27 06:37:10,260 INFO supervisord started with pid 1
2021-08-27 06:37:11,262 INFO spawned: 'app' with pid 9
2021-08-27 06:37:12,264 INFO success: app entered RUNNING state, process has stayed up for > than 1 seconds (startsecs)
2021-08-27 06:37:26,787 INFO reaped unknown pid 154
2021-08-27 06:37:26,790 INFO reaped unknown pid 156
2021-08-27 06:37:26,791 INFO reaped unknown pid 153
2021-08-27 06:37:26,792 INFO reaped unknown pid 157
2021-08-27 06:37:26,792 INFO reaped unknown pid 172
2021-08-27 06:37:26,793 INFO reaped unknown pid 180
2021-08-27 06:37:26,828 INFO exited: app (exit status 0; expected)
2021-08-27 06:37:27,832 INFO spawned: 'app' with pid 224
2021-08-27 06:37:28,834 INFO success: app entered RUNNING state, process has stayed up for > than 1 seconds (startsecs)
2021-08-27 06:37:40,968 INFO reaped unknown pid 373
2021-08-27 06:37:40,970 INFO reaped unknown pid 375
2021-08-27 06:37:40,970 INFO reaped unknown pid 372
2021-08-27 06:37:40,971 INFO reaped unknown pid 376
2021-08-27 06:37:40,971 INFO reaped unknown pid 392
2021-08-27 06:37:40,973 INFO reaped unknown pid 394
2021-08-27 06:37:41,011 INFO exited: app (exit status 0; expected)
2021-08-27 06:37:42,014 INFO spawned: 'app' with pid 433
2021-08-27 06:37:43,017 INFO success: app entered RUNNING state, process has stayed up for > than 1 seconds (startsecs)
2021-08-27 06:37:54,928 INFO reaped unknown pid 582
2021-08-27 06:37:54,929 INFO reaped unknown pid 584
2021-08-27 06:37:54,930 INFO reaped unknown pid 581
2021-08-27 06:37:54,930 INFO reaped unknown pid 585
2021-08-27 06:37:54,930 INFO reaped unknown pid 600
2021-08-27 06:37:54,931 INFO reaped unknown pid 604
2021-08-27 06:37:54,964 INFO exited: app (exit status 0; expected)
2021-08-27 06:37:55,966 INFO spawned: 'app' with pid 647
2021-08-27 06:37:56,968 INFO success: app entered RUNNING state, process has stayed up for > than 1 seconds (startsecs)
2021-08-27 06:38:07,358 INFO reaped unknown pid 789
2021-08-27 06:38:07,359 INFO reaped unknown pid 788
2021-08-27 06:38:07,360 INFO reaped unknown pid 791
2021-08-27 06:38:07,361 INFO reaped unknown pid 792
2021-08-27 06:38:07,361 INFO reaped unknown pid 811
2021-08-27 06:38:07,362 INFO reaped unknown pid 807
2021-08-27 06:38:07,397 INFO exited: app (exit status 0; expected)
2021-08-27 06:38:08,400 INFO spawned: 'app' with pid 862
2021-08-27 06:38:09,402 INFO success: app entered RUNNING state, process has stayed up for > than 1 seconds (startsecs)
2021-08-27 06:38:20,077 INFO reaped unknown pid 1009
2021-08-27 06:38:20,079 INFO reaped unknown pid 1011
2021-08-27 06:38:20,080 INFO reaped unknown pid 1008
2021-08-27 06:38:20,080 INFO reaped unknown pid 1012
2021-08-27 06:38:20,081 INFO reaped unknown pid 1028
2021-08-27 06:38:20,081 INFO reaped unknown pid 1031
2021-08-27 06:38:20,119 INFO exited: app (exit status 0; expected)
2021-08-27 06:38:21,122 INFO spawned: 'app' with pid 1067
2021-08-27 06:38:22,125 INFO success: app entered RUNNING state, process has stayed up for > than 1 seconds (startsecs)
2021-08-27 06:38:32,818 INFO reaped unknown pid 1213
2021-08-27 06:38:32,820 INFO reaped unknown pid 1212
2021-08-27 06:38:32,821 INFO reaped unknown pid 1215
2021-08-27 06:38:32,821 INFO reaped unknown pid 1216
2021-08-27 06:38:32,822 INFO reaped unknown pid 1231
2021-08-27 06:38:32,822 INFO reaped unknown pid 1235
2021-08-27 06:38:32,858 INFO exited: app (exit status 0; expected)
2021-08-27 06:38:33,860 INFO spawned: 'app' with pid 1281
2021-08-27 06:38:34,862 INFO success: app entered RUNNING state, process has stayed up for > than 1 seconds (startsecs)
2021-08-27 06:38:45,905 INFO reaped unknown pid 1418
2021-08-27 06:38:45,949 INFO reaped unknown pid 1421
2021-08-27 06:38:45,949 INFO reaped unknown pid 1417
2021-08-27 06:38:45,950 INFO reaped unknown pid 1420
2021-08-27 06:38:45,950 INFO reaped unknown pid 1440
2021-08-27 06:38:45,951 INFO reaped unknown pid 1437
2021-08-27 06:38:45,986 INFO exited: app (exit status 0; expected)
2021-08-27 06:38:46,989 INFO spawned: 'app' with pid 1480
2021-08-27 06:38:47,991 INFO success: app entered RUNNING state, process has stayed up for > than 1 seconds (startsecs)
2021-08-27 06:38:58,368 INFO reaped unknown pid 1627
2021-08-27 06:38:58,370 INFO reaped unknown pid 1629
2021-08-27 06:38:58,370 INFO reaped unknown pid 1626
2021-08-27 06:38:58,371 INFO reaped unknown pid 1630
2021-08-27 06:38:58,371 INFO reaped unknown pid 1645
2021-08-27 06:38:58,372 INFO reaped unknown pid 1649
2021-08-27 06:38:58,407 INFO exited: app (exit status 0; expected)
2021-08-27 06:38:59,410 INFO spawned: 'app' with pid 1696
2021-08-27 06:39:00,412 INFO success: app entered RUNNING state, process has stayed up for > than 1 seconds (startsecs)
2021-08-27 06:39:10,767 INFO reaped unknown pid 1832
2021-08-27 06:39:10,769 INFO reaped unknown pid 1831
2021-08-27 06:39:10,770 INFO reaped unknown pid 1834
2021-08-27 06:39:10,770 INFO reaped unknown pid 1835
2021-08-27 06:39:10,771 INFO reaped unknown pid 1851
2021-08-27 06:39:10,772 INFO reaped unknown pid 1853
2021-08-27 06:39:10,811 INFO exited: app (exit status 0; expected)
2021-08-27 06:39:11,814 INFO spawned: 'app' with pid 1901
2021-08-27 06:39:12,815 INFO success: app entered RUNNING state, process has stayed up for > than 1 seconds (startsecs)
2021-08-27 06:39:24,398 INFO reaped unknown pid 2039
2021-08-27 06:39:24,401 INFO reaped unknown pid 2041
2021-08-27 06:39:24,402 INFO reaped unknown pid 2038
2021-08-27 06:39:24,404 INFO reaped unknown pid 2042
2021-08-27 06:39:24,404 INFO reaped unknown pid 2060
2021-08-27 06:39:24,405 INFO reaped unknown pid 2057
2021-08-27 06:39:24,442 INFO exited: app (exit status 0; expected)
2021-08-27 06:39:25,445 INFO spawned: 'app' with pid 2100
2021-08-27 06:39:26,447 INFO success: app entered RUNNING state, process has stayed up for > than 1 seconds (startsecs)
2021-08-27 06:39:38,368 INFO reaped unknown pid 2243
2021-08-27 06:39:38,369 INFO reaped unknown pid 2242
2021-08-27 06:39:38,370 INFO reaped unknown pid 2245
2021-08-27 06:39:38,370 INFO reaped unknown pid 2246
2021-08-27 06:39:38,371 INFO reaped unknown pid 2264
2021-08-27 06:39:38,371 INFO reaped unknown pid 2262
2021-08-27 06:39:38,407 INFO exited: app (exit status 0; expected)
2021-08-27 06:39:39,410 INFO spawned: 'app' with pid 2303
2021-08-27 06:39:40,412 INFO success: app entered RUNNING state, process has stayed up for > than 1 seconds (startsecs)
2021-08-27 06:39:51,937 INFO reaped unknown pid 2441
2021-08-27 06:39:51,939 INFO reaped unknown pid 2440
2021-08-27 06:39:51,940 INFO reaped unknown pid 2443
2021-08-27 06:39:51,940 INFO reaped unknown pid 2444
2021-08-27 06:39:51,941 INFO reaped unknown pid 2459
2021-08-27 06:39:51,941 INFO reaped unknown pid 2463
2021-08-27 06:39:51,977 INFO exited: app (exit status 0; expected)
2021-08-27 06:39:52,980 INFO spawned: 'app' with pid 2514
2021-08-27 06:39:53,983 INFO success: app entered RUNNING state, process has stayed up for > than 1 seconds (startsecs)
2021-08-27 06:40:04,527 INFO reaped unknown pid 2654
2021-08-27 06:40:04,529 INFO reaped unknown pid 2656
2021-08-27 06:40:04,529 INFO reaped unknown pid 2653
2021-08-27 06:40:04,530 INFO reaped unknown pid 2657
2021-08-27 06:40:04,530 INFO reaped unknown pid 2674
2021-08-27 06:40:04,530 INFO reaped unknown pid 2676
2021-08-27 06:40:04,563 INFO exited: app (exit status 0; expected)
2021-08-27 06:40:05,566 INFO spawned: 'app' with pid 2717
2021-08-27 06:40:06,568 INFO success: app entered RUNNING state, process has stayed up for > than 1 seconds (startsecs)
2021-08-27 06:40:16,998 INFO reaped unknown pid 2858
2021-08-27 06:40:16,999 INFO reaped unknown pid 2860
2021-08-27 06:40:17,000 INFO reaped unknown pid 2857
2021-08-27 06:40:17,000 INFO reaped unknown pid 2861
2021-08-27 06:40:17,001 INFO reaped unknown pid 2877
2021-08-27 06:40:17,001 INFO reaped unknown pid 2880
2021-08-27 06:40:17,036 INFO exited: app (exit status 0; expected)
2021-08-27 06:40:18,039 INFO spawned: 'app' with pid 2918
2021-08-27 06:40:19,041 INFO success: app entered RUNNING state, process has stayed up for > than 1 seconds (startsecs)
2021-08-27 06:40:29,278 INFO reaped unknown pid 3051
2021-08-27 06:40:29,320 INFO reaped unknown pid 3053
2021-08-27 06:40:29,321 INFO reaped unknown pid 3050
2021-08-27 06:40:29,321 INFO reaped unknown pid 3054
2021-08-27 06:40:29,322 INFO reaped unknown pid 3070
2021-08-27 06:40:29,322 INFO reaped unknown pid 3072
2021-08-27 06:40:29,356 INFO exited: app (exit status 0; expected)
2021-08-27 06:40:30,358 INFO spawned: 'app' with pid 3113
2021-08-27 06:40:31,361 INFO success: app entered RUNNING state, process has stayed up for > than 1 seconds (startsecs)
2021-08-27 06:40:41,345 INFO reaped unknown pid 3253
2021-08-27 06:40:41,390 INFO reaped unknown pid 3252
2021-08-27 06:40:41,391 INFO reaped unknown pid 3255
2021-08-27 06:40:41,391 INFO reaped unknown pid 3256
2021-08-27 06:40:41,392 INFO reaped unknown pid 3272
2021-08-27 06:40:41,392 INFO reaped unknown pid 3275
2021-08-27 06:40:41,426 INFO exited: app (exit status 0; expected)
2021-08-27 06:40:42,428 INFO spawned: 'app' with pid 3316
2021-08-27 06:40:43,430 INFO success: app entered RUNNING state, process has stayed up for > than 1 seconds (startsecs)
2021-08-27 06:40:54,315 INFO reaped unknown pid 3463
2021-08-27 06:40:54,360 INFO reaped unknown pid 3462
2021-08-27 06:40:54,360 INFO reaped unknown pid 3465
2021-08-27 06:40:54,361 INFO reaped unknown pid 3466
2021-08-27 06:40:54,361 INFO reaped unknown pid 3482
2021-08-27 06:40:54,362 INFO reaped unknown pid 3486
2021-08-27 06:40:54,400 INFO exited: app (exit status 0; expected)
2021-08-27 06:40:55,403 INFO spawned: 'app' with pid 3527
2021-08-27 06:40:56,406 INFO success: app entered RUNNING state, process has stayed up for > than 1 seconds (startsecs)
2021-08-27 06:41:06,948 INFO reaped unknown pid 3671
2021-08-27 06:41:06,950 INFO reaped unknown pid 3670
2021-08-27 06:41:06,951 INFO reaped unknown pid 3673
2021-08-27 06:41:06,952 INFO reaped unknown pid 3674
2021-08-27 06:41:06,953 INFO reaped unknown pid 3693
2021-08-27 06:41:06,953 INFO reaped unknown pid 3690
2021-08-27 06:41:06,989 INFO exited: app (exit status 0; expected)
2021-08-27 06:41:07,993 INFO spawned: 'app' with pid 3730
2021-08-27 06:41:08,994 INFO success: app entered RUNNING state, process has stayed up for > than 1 seconds (startsecs)
2021-08-27 06:41:19,950 INFO reaped unknown pid 3873
2021-08-27 06:41:19,999 INFO reaped unknown pid 3875
2021-08-27 06:41:19,999 INFO reaped unknown pid 3872
2021-08-27 06:41:20,000 INFO reaped unknown pid 3876
2021-08-27 06:41:20,001 INFO reaped unknown pid 3896
2021-08-27 06:41:20,001 INFO reaped unknown pid 3891
2021-08-27 06:41:20,042 INFO exited: app (exit status 0; expected)
2021-08-27 06:41:21,045 INFO spawned: 'app' with pid 3939
2021-08-27 06:41:22,047 INFO success: app entered RUNNING state, process has stayed up for > than 1 seconds (startsecs)
2021-08-27 06:41:33,778 INFO reaped unknown pid 4086
2021-08-27 06:41:33,780 INFO reaped unknown pid 4089
2021-08-27 06:41:33,783 INFO reaped unknown pid 4085
2021-08-27 06:41:33,785 INFO reaped unknown pid 4088
2021-08-27 06:41:33,786 INFO reaped unknown pid 4108
2021-08-27 06:41:33,787 INFO reaped unknown pid 4104
2021-08-27 06:41:33,829 INFO exited: app (exit status 0; expected)
2021-08-27 06:41:34,832 INFO spawned: 'app' with pid 4154
2021-08-27 06:41:35,835 INFO success: app entered RUNNING state, process has stayed up for > than 1 seconds (startsecs)
2021-08-27 06:41:49,248 INFO reaped unknown pid 4294
2021-08-27 06:41:49,251 INFO reaped unknown pid 4296
2021-08-27 06:41:49,251 INFO reaped unknown pid 4297
2021-08-27 06:41:49,252 INFO reaped unknown pid 4293
2021-08-27 06:41:49,253 INFO reaped unknown pid 4312
2021-08-27 06:41:49,255 INFO reaped unknown pid 4318
2021-08-27 06:41:49,305 INFO exited: app (exit status 0; expected)
2021-08-27 06:41:50,309 INFO spawned: 'app' with pid 4354
2021-08-27 06:41:51,311 INFO success: app entered RUNNING state, process has stayed up for > than 1 seconds (startsecs)
2021-08-27 06:42:02,678 INFO reaped unknown pid 4500
2021-08-27 06:42:02,680 INFO reaped unknown pid 4499
2021-08-27 06:42:02,680 INFO reaped unknown pid 4502
2021-08-27 06:42:02,681 INFO reaped unknown pid 4503
2021-08-27 06:42:02,681 INFO reaped unknown pid 4519
2021-08-27 06:42:02,682 INFO reaped unknown pid 4521
2021-08-27 06:42:02,717 INFO exited: app (exit status 0; expected)
2021-08-27 06:42:02,719 INFO spawned: 'app' with pid 4568
2021-08-27 06:42:03,720 INFO success: app entered RUNNING state, process has stayed up for > than 1 seconds (startsecs)
2021-08-27 06:42:15,518 INFO reaped unknown pid 4717
2021-08-27 06:42:15,519 INFO reaped unknown pid 4716
2021-08-27 06:42:15,520 INFO reaped unknown pid 4719
2021-08-27 06:42:15,520 INFO reaped unknown pid 4720
2021-08-27 06:42:15,521 INFO reaped unknown pid 4739
2021-08-27 06:42:15,522 INFO reaped unknown pid 4735
2021-08-27 06:42:15,563 INFO exited: app (exit status 0; expected)
2021-08-27 06:42:16,566 INFO spawned: 'app' with pid 4778
2021-08-27 06:42:17,567 INFO success: app entered RUNNING state, process has stayed up for > than 1 seconds (startsecs)
2021-08-27 06:42:33,498 INFO reaped unknown pid 4921
2021-08-27 06:42:33,500 INFO reaped unknown pid 4923
2021-08-27 06:42:33,500 INFO reaped unknown pid 4920
2021-08-27 06:42:33,501 INFO reaped unknown pid 4924
2021-08-27 06:42:33,501 INFO reaped unknown pid 4940
2021-08-27 06:42:33,502 INFO reaped unknown pid 4942
2021-08-27 06:42:33,536 INFO exited: app (exit status 0; expected)
2021-08-27 06:42:34,539 INFO spawned: 'app' with pid 4984
2021-08-27 06:42:35,542 INFO success: app entered RUNNING state, process has stayed up for > than 1 seconds (startsecs)
2021-08-27 06:42:46,368 INFO reaped unknown pid 5122
2021-08-27 06:42:46,370 INFO reaped unknown pid 5124
2021-08-27 06:42:46,371 INFO reaped unknown pid 5121
2021-08-27 06:42:46,371 INFO reaped unknown pid 5125
2021-08-27 06:42:46,372 INFO reaped unknown pid 5141
2021-08-27 06:42:46,372 INFO reaped unknown pid 5144
2021-08-27 06:42:46,405 INFO exited: app (exit status 0; expected)
2021-08-27 06:42:47,408 INFO spawned: 'app' with pid 5183
2021-08-27 06:42:48,410 INFO success: app entered RUNNING state, process has stayed up for > than 1 seconds (startsecs)
2021-08-27 06:42:59,517 INFO reaped unknown pid 5322
2021-08-27 06:42:59,519 INFO reaped unknown pid 5325
2021-08-27 06:42:59,520 INFO reaped unknown pid 5321
2021-08-27 06:42:59,520 INFO reaped unknown pid 5324
2021-08-27 06:42:59,520 INFO reaped unknown pid 5343
2021-08-27 06:42:59,521 INFO reaped unknown pid 5341
2021-08-27 06:42:59,583 INFO exited: app (exit status 0; expected)
2021-08-27 06:43:00,586 INFO spawned: 'app' with pid 5382
2021-08-27 06:43:01,588 INFO success: app entered RUNNING state, process has stayed up for > than 1 seconds (startsecs)
2021-08-27 06:44:47,936 INFO Set uid to user 0 succeeded
2021-08-27 06:44:47,943 INFO supervisord started with pid 1
2021-08-27 06:44:48,947 INFO spawned: 'cron' with pid 8
2021-08-27 06:44:48,949 INFO spawned: 'php-fpm' with pid 9
2021-08-27 06:44:50,085 INFO success: cron entered RUNNING state, process has stayed up for > than 1 seconds (startsecs)
2021-08-27 06:44:50,085 INFO success: php-fpm entered RUNNING state, process has stayed up for > than 1 seconds (startsecs)
